mode: set
github.com/yaso/yet-another-secrets-operator/pkg/utils/utils.go:13.71,15.107 1 1
github.com/yaso/yet-another-secrets-operator/pkg/utils/utils.go:15.107,17.3 1 1
github.com/yaso/yet-another-secrets-operator/pkg/utils/utils.go:20.2,20.22 1 1
github.com/yaso/yet-another-secrets-operator/pkg/utils/utils.go:20.22,22.3 1 1
github.com/yaso/yet-another-secrets-operator/pkg/utils/utils.go:24.2,24.12 1 1
github.com/yaso/yet-another-secrets-operator/pkg/utils/utils.go:28.80,31.27 2 0
github.com/yaso/yet-another-secrets-operator/pkg/utils/utils.go:31.27,33.3 1 0
github.com/yaso/yet-another-secrets-operator/pkg/utils/utils.go:35.2,35.27 1 0
github.com/yaso/yet-another-secrets-operator/pkg/utils/utils.go:35.27,37.3 1 0
github.com/yaso/yet-another-secrets-operator/pkg/utils/utils.go:39.2,39.25 1 0
github.com/yaso/yet-another-secrets-operator/pkg/utils/utils.go:39.25,41.3 1 0
github.com/yaso/yet-another-secrets-operator/pkg/utils/utils.go:43.2,43.30 1 0
github.com/yaso/yet-another-secrets-operator/pkg/utils/utils.go:43.30,45.3 1 0
github.com/yaso/yet-another-secrets-operator/pkg/utils/utils.go:47.2,47.21 1 0
github.com/yaso/yet-another-secrets-operator/pkg/utils/utils.go:47.21,49.3 1 0
github.com/yaso/yet-another-secrets-operator/pkg/utils/utils.go:51.2,54.35 3 0
github.com/yaso/yet-another-secrets-operator/pkg/utils/utils.go:54.35,56.17 2 0
github.com/yaso/yet-another-secrets-operator/pkg/utils/utils.go:56.17,58.4 1 0
github.com/yaso/yet-another-secrets-operator/pkg/utils/utils.go:59.3,59.41 1 0
github.com/yaso/yet-another-secrets-operator/pkg/utils/utils.go:62.2,62.28 1 0
github.com/yaso/yet-another-secrets-operator/api/v1alpha1/agenerator_types.go:69.13,71.2 1 1
github.com/yaso/yet-another-secrets-operator/api/v1alpha1/asecret_types.go:86.13,88.2 1 1
github.com/yaso/yet-another-secrets-operator/api/v1alpha1/zz_generated.deepcopy.go:29.53,35.2 5 0
github.com/yaso/yet-another-secrets-operator/api/v1alpha1/zz_generated.deepcopy.go:38.46,39.15 1 0
github.com/yaso/yet-another-secrets-operator/api/v1alpha1/zz_generated.deepcopy.go:39.15,41.3 1 0
github.com/yaso/yet-another-secrets-operator/api/v1alpha1/zz_generated.deepcopy.go:42.2,44.12 3 0
github.com/yaso/yet-another-secrets-operator/api/v1alpha1/zz_generated.deepcopy.go:48.55,49.34 1 0
github.com/yaso/yet-another-secrets-operator/api/v1alpha1/zz_generated.deepcopy.go:49.34,51.3 1 0
github.com/yaso/yet-another-secrets-operator/api/v1alpha1/zz_generated.deepcopy.go:52.2,52.12 1 0
github.com/yaso/yet-another-secrets-operator/api/v1alpha1/zz_generated.deepcopy.go:56.61,60.21 4 0
github.com/yaso/yet-another-secrets-operator/api/v1alpha1/zz_generated.deepcopy.go:60.21,63.22 3 0
github.com/yaso/yet-another-secrets-operator/api/v1alpha1/zz_generated.deepcopy.go:63.22,65.4 1 0
github.com/yaso/yet-another-secrets-operator/api/v1alpha1/zz_generated.deepcopy.go:70.54,71.15 1 0
github.com/yaso/yet-another-secrets-operator/api/v1alpha1/zz_generated.deepcopy.go:71.15,73.3 1 0
github.com/yaso/yet-another-secrets-operator/api/v1alpha1/zz_generated.deepcopy.go:74.2,76.12 3 0
github.com/yaso/yet-another-secrets-operator/api/v1alpha1/zz_generated.deepcopy.go:80.59,81.34 1 0
github.com/yaso/yet-another-secrets-operator/api/v1alpha1/zz_generated.deepcopy.go:81.34,83.3 1 0
github.com/yaso/yet-another-secrets-operator/api/v1alpha1/zz_generated.deepcopy.go:84.2,84.12 1 0
github.com/yaso/yet-another-secrets-operator/api/v1alpha1/zz_generated.deepcopy.go:88.61,90.2 1 0
github.com/yaso/yet-another-secrets-operator/api/v1alpha1/zz_generated.deepcopy.go:93.54,94.15 1 0
github.com/yaso/yet-another-secrets-operator/api/v1alpha1/zz_generated.deepcopy.go:94.15,96.3 1 0
github.com/yaso/yet-another-secrets-operator/api/v1alpha1/zz_generated.deepcopy.go:97.2,99.12 3 0
github.com/yaso/yet-another-secrets-operator/api/v1alpha1/zz_generated.deepcopy.go:103.65,105.26 2 0
github.com/yaso/yet-another-secrets-operator/api/v1alpha1/zz_generated.deepcopy.go:105.26,108.22 3 0
github.com/yaso/yet-another-secrets-operator/api/v1alpha1/zz_generated.deepcopy.go:108.22,110.4 1 0
github.com/yaso/yet-another-secrets-operator/api/v1alpha1/zz_generated.deepcopy.go:115.58,116.15 1 0
github.com/yaso/yet-another-secrets-operator/api/v1alpha1/zz_generated.deepcopy.go:116.15,118.3 1 0
github.com/yaso/yet-another-secrets-operator/api/v1alpha1/zz_generated.deepcopy.go:119.2,121.12 3 0
github.com/yaso/yet-another-secrets-operator/api/v1alpha1/zz_generated.deepcopy.go:125.47,131.2 5 0
github.com/yaso/yet-another-secrets-operator/api/v1alpha1/zz_generated.deepcopy.go:134.40,135.15 1 0
github.com/yaso/yet-another-secrets-operator/api/v1alpha1/zz_generated.deepcopy.go:135.15,137.3 1 0
github.com/yaso/yet-another-secrets-operator/api/v1alpha1/zz_generated.deepcopy.go:138.2,140.12 3 0
github.com/yaso/yet-another-secrets-operator/api/v1alpha1/zz_generated.deepcopy.go:144.52,145.34 1 0
github.com/yaso/yet-another-secrets-operator/api/v1alpha1/zz_generated.deepcopy.go:145.34,147.3 1 0
github.com/yaso/yet-another-secrets-operator/api/v1alpha1/zz_generated.deepcopy.go:148.2,148.12 1 0
github.com/yaso/yet-another-secrets-operator/api/v1alpha1/zz_generated.deepcopy.go:152.55,156.21 4 0
github.com/yaso/yet-another-secrets-operator/api/v1alpha1/zz_generated.deepcopy.go:156.21,159.22 3 0
github.com/yaso/yet-another-secrets-operator/api/v1alpha1/zz_generated.deepcopy.go:159.22,161.4 1 0
github.com/yaso/yet-another-secrets-operator/api/v1alpha1/zz_generated.deepcopy.go:166.48,167.15 1 0
github.com/yaso/yet-another-secrets-operator/api/v1alpha1/zz_generated.deepcopy.go:167.15,169.3 1 0
github.com/yaso/yet-another-secrets-operator/api/v1alpha1/zz_generated.deepcopy.go:170.2,172.12 3 0
github.com/yaso/yet-another-secrets-operator/api/v1alpha1/zz_generated.deepcopy.go:176.56,177.34 1 0
github.com/yaso/yet-another-secrets-operator/api/v1alpha1/zz_generated.deepcopy.go:177.34,179.3 1 0
github.com/yaso/yet-another-secrets-operator/api/v1alpha1/zz_generated.deepcopy.go:180.2,180.12 1 0
github.com/yaso/yet-another-secrets-operator/api/v1alpha1/zz_generated.deepcopy.go:184.55,186.20 2 0
github.com/yaso/yet-another-secrets-operator/api/v1alpha1/zz_generated.deepcopy.go:186.20,189.29 3 0
github.com/yaso/yet-another-secrets-operator/api/v1alpha1/zz_generated.deepcopy.go:189.29,191.4 1 0
github.com/yaso/yet-another-secrets-operator/api/v1alpha1/zz_generated.deepcopy.go:193.2,193.20 1 0
github.com/yaso/yet-another-secrets-operator/api/v1alpha1/zz_generated.deepcopy.go:193.20,196.29 3 0
github.com/yaso/yet-another-secrets-operator/api/v1alpha1/zz_generated.deepcopy.go:196.29,198.4 1 0
github.com/yaso/yet-another-secrets-operator/api/v1alpha1/zz_generated.deepcopy.go:200.2,200.32 1 0
github.com/yaso/yet-another-secrets-operator/api/v1alpha1/zz_generated.deepcopy.go:200.32,204.3 3 0
github.com/yaso/yet-another-secrets-operator/api/v1alpha1/zz_generated.deepcopy.go:208.48,209.15 1 0
github.com/yaso/yet-another-secrets-operator/api/v1alpha1/zz_generated.deepcopy.go:209.15,211.3 1 0
github.com/yaso/yet-another-secrets-operator/api/v1alpha1/zz_generated.deepcopy.go:212.2,214.12 3 0
github.com/yaso/yet-another-secrets-operator/api/v1alpha1/zz_generated.deepcopy.go:218.59,220.26 2 0
github.com/yaso/yet-another-secrets-operator/api/v1alpha1/zz_generated.deepcopy.go:220.26,223.22 3 0
github.com/yaso/yet-another-secrets-operator/api/v1alpha1/zz_generated.deepcopy.go:223.22,225.4 1 0
github.com/yaso/yet-another-secrets-operator/api/v1alpha1/zz_generated.deepcopy.go:227.2,227.49 1 0
github.com/yaso/yet-another-secrets-operator/api/v1alpha1/zz_generated.deepcopy.go:231.52,232.15 1 0
github.com/yaso/yet-another-secrets-operator/api/v1alpha1/zz_generated.deepcopy.go:232.15,234.3 1 0
github.com/yaso/yet-another-secrets-operator/api/v1alpha1/zz_generated.deepcopy.go:235.2,237.12 3 0
github.com/yaso/yet-another-secrets-operator/api/v1alpha1/zz_generated.deepcopy.go:241.53,243.28 2 0
github.com/yaso/yet-another-secrets-operator/api/v1alpha1/zz_generated.deepcopy.go:243.28,247.3 3 0
github.com/yaso/yet-another-secrets-operator/api/v1alpha1/zz_generated.deepcopy.go:248.2,248.32 1 0
github.com/yaso/yet-another-secrets-operator/api/v1alpha1/zz_generated.deepcopy.go:248.32,252.3 3 0
github.com/yaso/yet-another-secrets-operator/api/v1alpha1/zz_generated.deepcopy.go:256.46,257.15 1 0
github.com/yaso/yet-another-secrets-operator/api/v1alpha1/zz_generated.deepcopy.go:257.15,259.3 1 0
github.com/yaso/yet-another-secrets-operator/api/v1alpha1/zz_generated.deepcopy.go:260.2,262.12 3 0
github.com/yaso/yet-another-secrets-operator/api/v1alpha1/zz_generated.deepcopy.go:266.69,268.2 1 0
github.com/yaso/yet-another-secrets-operator/api/v1alpha1/zz_generated.deepcopy.go:271.62,272.15 1 0
github.com/yaso/yet-another-secrets-operator/api/v1alpha1/zz_generated.deepcopy.go:272.15,274.3 1 0
github.com/yaso/yet-another-secrets-operator/api/v1alpha1/zz_generated.deepcopy.go:275.2,277.12 3 0
github.com/yaso/yet-another-secrets-operator/pkg/providers/aws/client/client.go:22.55,26.2 1 0
github.com/yaso/yet-another-secrets-operator/pkg/providers/aws/client/client.go:29.118,45.16 7 0
github.com/yaso/yet-another-secrets-operator/pkg/providers/aws/client/client.go:45.16,48.3 2 0
github.com/yaso/yet-another-secrets-operator/pkg/providers/aws/client/client.go:51.2,54.20 2 0
github.com/yaso/yet-another-secrets-operator/pkg/providers/aws/client/client.go:54.20,56.67 2 0
github.com/yaso/yet-another-secrets-operator/pkg/providers/aws/client/client.go:56.67,58.4 1 0
github.com/yaso/yet-another-secrets-operator/pkg/providers/aws/client/client.go:62.2,67.22 3 0
github.com/yaso/yet-another-secrets-operator/pkg/providers/aws/client/client.go:71.101,76.16 3 0
github.com/yaso/yet-another-secrets-operator/pkg/providers/aws/client/client.go:76.16,79.3 2 0
github.com/yaso/yet-another-secrets-operator/pkg/providers/aws/client/client.go:82.2,83.16 2 0
github.com/yaso/yet-another-secrets-operator/pkg/providers/aws/client/client.go:83.16,86.3 2 0
github.com/yaso/yet-another-secrets-operator/pkg/providers/aws/client/client.go:88.2,88.26 1 0
github.com/yaso/yet-another-secrets-operator/pkg/providers/aws/client/client.go:92.46,94.27 1 0
github.com/yaso/yet-another-secrets-operator/pkg/providers/aws/client/client.go:94.27,96.3 1 0
github.com/yaso/yet-another-secrets-operator/pkg/providers/aws/client/client.go:99.2,99.37 1 0
github.com/yaso/yet-another-secrets-operator/pkg/providers/aws/client/client.go:102.48,104.32 1 0
github.com/yaso/yet-another-secrets-operator/pkg/providers/aws/client/client.go:104.32,106.3 1 0
github.com/yaso/yet-another-secrets-operator/pkg/providers/aws/client/client.go:109.2,109.38 1 0
github.com/yaso/yet-another-secrets-operator/pkg/providers/aws/client/client.go:113.80,124.16 5 0
github.com/yaso/yet-another-secrets-operator/pkg/providers/aws/client/client.go:124.16,127.3 2 0
github.com/yaso/yet-another-secrets-operator/pkg/providers/aws/client/client.go:130.2,138.16 4 0
github.com/yaso/yet-another-secrets-operator/pkg/providers/aws/client/client.go:138.16,141.3 2 0
github.com/yaso/yet-another-secrets-operator/pkg/providers/aws/client/client.go:143.2,144.12 2 0
github.com/yaso/yet-another-secrets-operator/pkg/providers/aws/config/config.go:41.41,65.2 3 0
github.com/yaso/yet-another-secrets-operator/pkg/providers/aws/config/config.go:68.57,85.2 9 0
github.com/yaso/yet-another-secrets-operator/pkg/providers/aws/config/config.go:88.40,90.24 1 0
github.com/yaso/yet-another-secrets-operator/pkg/providers/aws/config/config.go:90.24,92.3 1 0
github.com/yaso/yet-another-secrets-operator/pkg/providers/aws/config/config.go:95.2,95.29 1 0
github.com/yaso/yet-another-secrets-operator/pkg/providers/aws/config/config.go:95.29,97.3 1 0
github.com/yaso/yet-another-secrets-operator/pkg/providers/aws/config/config.go:100.2,100.33 1 0
github.com/yaso/yet-another-secrets-operator/pkg/providers/aws/config/config.go:100.33,102.3 1 0
github.com/yaso/yet-another-secrets-operator/pkg/providers/aws/config/config.go:105.2,105.35 1 0
github.com/yaso/yet-another-secrets-operator/pkg/providers/aws/config/config.go:105.35,106.41 1 0
github.com/yaso/yet-another-secrets-operator/pkg/providers/aws/config/config.go:106.41,108.23 2 0
github.com/yaso/yet-another-secrets-operator/pkg/providers/aws/config/config.go:108.23,111.5 2 0
github.com/yaso/yet-another-secrets-operator/pkg/providers/aws/config/config.go:117.32,119.41 2 0
github.com/yaso/yet-another-secrets-operator/pkg/providers/aws/config/config.go:119.41,120.48 1 0
github.com/yaso/yet-another-secrets-operator/pkg/providers/aws/config/config.go:120.48,122.4 1 0
github.com/yaso/yet-another-secrets-operator/pkg/providers/aws/config/config.go:124.2,124.11 1 0
github.com/yaso/yet-another-secrets-operator/pkg/providers/aws/config/config.go:128.50,137.2 1 0
github.com/yaso/yet-another-secrets-operator/pkg/controllers/agenerator_controller.go:28.102,34.68 4 1
github.com/yaso/yet-another-secrets-operator/pkg/controllers/agenerator_controller.go:34.68,35.29 1 1
github.com/yaso/yet-another-secrets-operator/pkg/controllers/agenerator_controller.go:35.29,38.4 1 1
github.com/yaso/yet-another-secrets-operator/pkg/controllers/agenerator_controller.go:40.3,40.28 1 0
github.com/yaso/yet-another-secrets-operator/pkg/controllers/agenerator_controller.go:47.2,47.69 1 1
github.com/yaso/yet-another-secrets-operator/pkg/controllers/agenerator_controller.go:47.69,50.3 2 1
github.com/yaso/yet-another-secrets-operator/pkg/controllers/agenerator_controller.go:52.2,52.27 1 1
github.com/yaso/yet-another-secrets-operator/pkg/controllers/agenerator_controller.go:56.73,60.2 1 0
github.com/yaso/yet-another-secrets-operator/pkg/controllers/asecret_controller.go:46.99,52.65 4 0
github.com/yaso/yet-another-secrets-operator/pkg/controllers/asecret_controller.go:52.65,53.32 1 0
github.com/yaso/yet-another-secrets-operator/pkg/controllers/asecret_controller.go:53.32,56.4 1 0
github.com/yaso/yet-another-secrets-operator/pkg/controllers/asecret_controller.go:58.3,58.28 1 0
github.com/yaso/yet-another-secrets-operator/pkg/controllers/asecret_controller.go:62.2,66.84 3 0
github.com/yaso/yet-another-secrets-operator/pkg/controllers/asecret_controller.go:66.84,68.3 1 0
github.com/yaso/yet-another-secrets-operator/pkg/controllers/asecret_controller.go:71.2,72.16 2 0
github.com/yaso/yet-another-secrets-operator/pkg/controllers/asecret_controller.go:72.16,75.3 2 0
github.com/yaso/yet-another-secrets-operator/pkg/controllers/asecret_controller.go:78.2,87.67 5 0
github.com/yaso/yet-another-secrets-operator/pkg/controllers/asecret_controller.go:87.67,88.32 1 0
github.com/yaso/yet-another-secrets-operator/pkg/controllers/asecret_controller.go:88.32,96.4 2 0
github.com/yaso/yet-another-secrets-operator/pkg/controllers/asecret_controller.go:96.9,99.4 2 0
github.com/yaso/yet-another-secrets-operator/pkg/controllers/asecret_controller.go:103.2,105.22 2 0
github.com/yaso/yet-another-secrets-operator/pkg/controllers/asecret_controller.go:105.22,110.22 3 0
github.com/yaso/yet-another-secrets-operator/pkg/controllers/asecret_controller.go:110.22,111.36 1 0
github.com/yaso/yet-another-secrets-operator/pkg/controllers/asecret_controller.go:111.36,113.5 1 0
github.com/yaso/yet-another-secrets-operator/pkg/controllers/asecret_controller.go:114.4,114.63 1 0
github.com/yaso/yet-another-secrets-operator/pkg/controllers/asecret_controller.go:115.9,119.4 2 0
github.com/yaso/yet-another-secrets-operator/pkg/controllers/asecret_controller.go:120.8,125.53 2 0
github.com/yaso/yet-another-secrets-operator/pkg/controllers/asecret_controller.go:125.53,126.42 1 0
github.com/yaso/yet-another-secrets-operator/pkg/controllers/asecret_controller.go:126.42,128.5 1 0
github.com/yaso/yet-another-secrets-operator/pkg/controllers/asecret_controller.go:132.3,132.22 1 0
github.com/yaso/yet-another-secrets-operator/pkg/controllers/asecret_controller.go:132.22,133.36 1 0
github.com/yaso/yet-another-secrets-operator/pkg/controllers/asecret_controller.go:133.36,135.5 1 0
github.com/yaso/yet-another-secrets-operator/pkg/controllers/asecret_controller.go:138.3,138.40 1 0
github.com/yaso/yet-another-secrets-operator/pkg/controllers/asecret_controller.go:138.40,141.39 2 0
github.com/yaso/yet-another-secrets-operator/pkg/controllers/asecret_controller.go:141.39,143.5 1 0
github.com/yaso/yet-another-secrets-operator/pkg/controllers/asecret_controller.go:146.4,147.30 2 0
github.com/yaso/yet-another-secrets-operator/pkg/controllers/asecret_controller.go:147.30,148.24 1 0
github.com/yaso/yet-another-secrets-operator/pkg/controllers/asecret_controller.go:148.24,150.6 1 0
github.com/yaso/yet-another-secrets-operator/pkg/controllers/asecret_controller.go:154.4,154.35 1 0
github.com/yaso/yet-another-secrets-operator/pkg/controllers/asecret_controller.go:154.35,156.5 1 0
github.com/yaso/yet-another-secrets-operator/pkg/controllers/asecret_controller.go:160.3,160.78 1 0
github.com/yaso/yet-another-secrets-operator/pkg/controllers/asecret_controller.go:160.78,163.4 2 0
github.com/yaso/yet-another-secrets-operator/pkg/controllers/asecret_controller.go:167.2,167.23 1 0
github.com/yaso/yet-another-secrets-operator/pkg/controllers/asecret_controller.go:167.23,172.99 3 0
github.com/yaso/yet-another-secrets-operator/pkg/controllers/asecret_controller.go:172.99,175.4 2 0
github.com/yaso/yet-another-secrets-operator/pkg/controllers/asecret_controller.go:177.3,177.55 1 0
github.com/yaso/yet-another-secrets-operator/pkg/controllers/asecret_controller.go:177.55,180.4 2 0
github.com/yaso/yet-another-secrets-operator/pkg/controllers/asecret_controller.go:181.3,181.69 1 0
github.com/yaso/yet-another-secrets-operator/pkg/controllers/asecret_controller.go:182.8,185.55 2 0
github.com/yaso/yet-another-secrets-operator/pkg/controllers/asecret_controller.go:185.55,188.4 2 0
github.com/yaso/yet-another-secrets-operator/pkg/controllers/asecret_controller.go:189.3,189.69 1 0
github.com/yaso/yet-another-secrets-operator/pkg/controllers/asecret_controller.go:192.2,192.23 1 0
github.com/yaso/yet-another-secrets-operator/pkg/controllers/asecret_controller.go:192.23,194.22 2 0
github.com/yaso/yet-another-secrets-operator/pkg/controllers/asecret_controller.go:194.22,199.33 3 0
github.com/yaso/yet-another-secrets-operator/pkg/controllers/asecret_controller.go:199.33,202.73 1 0
github.com/yaso/yet-another-secrets-operator/pkg/controllers/asecret_controller.go:202.73,204.14 1 0
github.com/yaso/yet-another-secrets-operator/pkg/controllers/asecret_controller.go:206.5,206.25 1 0
github.com/yaso/yet-another-secrets-operator/pkg/controllers/asecret_controller.go:210.4,210.30 1 0
github.com/yaso/yet-another-secrets-operator/pkg/controllers/asecret_controller.go:210.30,211.47 1 0
github.com/yaso/yet-another-secrets-operator/pkg/controllers/asecret_controller.go:211.47,213.11 2 0
github.com/yaso/yet-another-secrets-operator/pkg/controllers/asecret_controller.go:218.4,218.23 1 0
github.com/yaso/yet-another-secrets-operator/pkg/controllers/asecret_controller.go:218.23,219.34 1 0
github.com/yaso/yet-another-secrets-operator/pkg/controllers/asecret_controller.go:219.34,220.45 1 0
github.com/yaso/yet-another-secrets-operator/pkg/controllers/asecret_controller.go:220.45,222.12 2 0
github.com/yaso/yet-another-secrets-operator/pkg/controllers/asecret_controller.go:228.3,228.21 1 0
github.com/yaso/yet-another-secrets-operator/pkg/controllers/asecret_controller.go:228.21,229.94 1 0
github.com/yaso/yet-another-secrets-operator/pkg/controllers/asecret_controller.go:229.94,232.5 2 0
github.com/yaso/yet-another-secrets-operator/pkg/controllers/asecret_controller.go:233.4,233.63 1 0
github.com/yaso/yet-another-secrets-operator/pkg/controllers/asecret_controller.go:235.8,237.3 1 0
github.com/yaso/yet-another-secrets-operator/pkg/controllers/asecret_controller.go:240.2,251.57 3 0
github.com/yaso/yet-another-secrets-operator/pkg/controllers/asecret_controller.go:251.57,254.3 2 0
github.com/yaso/yet-another-secrets-operator/pkg/controllers/asecret_controller.go:256.2,256.50 1 0
github.com/yaso/yet-another-secrets-operator/pkg/controllers/asecret_controller.go:260.165,272.16 5 0
github.com/yaso/yet-another-secrets-operator/pkg/controllers/asecret_controller.go:272.16,275.40 2 0
github.com/yaso/yet-another-secrets-operator/pkg/controllers/asecret_controller.go:275.40,278.4 2 0
github.com/yaso/yet-another-secrets-operator/pkg/controllers/asecret_controller.go:281.3,281.52 1 0
github.com/yaso/yet-another-secrets-operator/pkg/controllers/asecret_controller.go:281.52,287.4 2 0
github.com/yaso/yet-another-secrets-operator/pkg/controllers/asecret_controller.go:289.3,290.25 2 0
github.com/yaso/yet-another-secrets-operator/pkg/controllers/asecret_controller.go:294.2,295.32 2 0
github.com/yaso/yet-another-secrets-operator/pkg/controllers/asecret_controller.go:295.32,298.3 2 0
github.com/yaso/yet-another-secrets-operator/pkg/controllers/asecret_controller.go:300.2,300.82 1 0
github.com/yaso/yet-another-secrets-operator/pkg/controllers/asecret_controller.go:300.82,303.3 2 0
github.com/yaso/yet-another-secrets-operator/pkg/controllers/asecret_controller.go:305.2,306.30 2 0
github.com/yaso/yet-another-secrets-operator/pkg/controllers/asecret_controller.go:310.188,313.25 2 0
github.com/yaso/yet-another-secrets-operator/pkg/controllers/asecret_controller.go:313.25,315.3 1 0
github.com/yaso/yet-another-secrets-operator/pkg/controllers/asecret_controller.go:317.2,318.16 2 0
github.com/yaso/yet-another-secrets-operator/pkg/controllers/asecret_controller.go:318.16,320.3 1 0
github.com/yaso/yet-another-secrets-operator/pkg/controllers/asecret_controller.go:322.2,331.44 4 0
github.com/yaso/yet-another-secrets-operator/pkg/controllers/asecret_controller.go:331.44,336.3 1 0
github.com/yaso/yet-another-secrets-operator/pkg/controllers/asecret_controller.go:339.2,339.30 1 0
github.com/yaso/yet-another-secrets-operator/pkg/controllers/asecret_controller.go:339.30,340.39 1 0
github.com/yaso/yet-another-secrets-operator/pkg/controllers/asecret_controller.go:340.39,345.4 1 0
github.com/yaso/yet-another-secrets-operator/pkg/controllers/asecret_controller.go:348.2,348.16 1 0
github.com/yaso/yet-another-secrets-operator/pkg/controllers/asecret_controller.go:348.16,351.40 2 0
github.com/yaso/yet-another-secrets-operator/pkg/controllers/asecret_controller.go:351.40,360.35 3 0
github.com/yaso/yet-another-secrets-operator/pkg/controllers/asecret_controller.go:360.35,364.5 2 0
github.com/yaso/yet-another-secrets-operator/pkg/controllers/asecret_controller.go:364.10,364.55 1 0
github.com/yaso/yet-another-secrets-operator/pkg/controllers/asecret_controller.go:364.55,368.5 2 0
github.com/yaso/yet-another-secrets-operator/pkg/controllers/asecret_controller.go:370.4,370.22 1 0
github.com/yaso/yet-another-secrets-operator/pkg/controllers/asecret_controller.go:370.22,372.5 1 0
github.com/yaso/yet-another-secrets-operator/pkg/controllers/asecret_controller.go:372.10,374.5 1 0
github.com/yaso/yet-another-secrets-operator/pkg/controllers/asecret_controller.go:376.4,377.14 2 0
github.com/yaso/yet-another-secrets-operator/pkg/controllers/asecret_controller.go:379.3,379.13 1 0
github.com/yaso/yet-another-secrets-operator/pkg/controllers/asecret_controller.go:380.8,388.34 2 0
github.com/yaso/yet-another-secrets-operator/pkg/controllers/asecret_controller.go:388.34,395.4 2 0
github.com/yaso/yet-another-secrets-operator/pkg/controllers/asecret_controller.go:397.2,397.12 1 0
github.com/yaso/yet-another-secrets-operator/pkg/controllers/asecret_controller.go:401.156,402.49 1 0
github.com/yaso/yet-another-secrets-operator/pkg/controllers/asecret_controller.go:402.49,404.73 1 0
github.com/yaso/yet-another-secrets-operator/pkg/controllers/asecret_controller.go:404.73,408.12 2 0
github.com/yaso/yet-another-secrets-operator/pkg/controllers/asecret_controller.go:412.3,412.43 1 0
github.com/yaso/yet-another-secrets-operator/pkg/controllers/asecret_controller.go:412.43,413.12 1 0
github.com/yaso/yet-another-secrets-operator/pkg/controllers/asecret_controller.go:417.3,417.29 1 0
github.com/yaso/yet-another-secrets-operator/pkg/controllers/asecret_controller.go:417.29,419.12 2 0
github.com/yaso/yet-another-secrets-operator/pkg/controllers/asecret_controller.go:423.3,423.37 1 0
github.com/yaso/yet-another-secrets-operator/pkg/controllers/asecret_controller.go:423.37,425.18 2 0
github.com/yaso/yet-another-secrets-operator/pkg/controllers/asecret_controller.go:425.18,427.5 1 0
github.com/yaso/yet-another-secrets-operator/pkg/controllers/asecret_controller.go:428.4,429.12 2 0
github.com/yaso/yet-another-secrets-operator/pkg/controllers/asecret_controller.go:432.2,432.12 1 0
github.com/yaso/yet-another-secrets-operator/pkg/controllers/asecret_controller.go:436.119,439.93 2 0
github.com/yaso/yet-another-secrets-operator/pkg/controllers/asecret_controller.go:439.93,442.3 2 0
github.com/yaso/yet-another-secrets-operator/pkg/controllers/asecret_controller.go:445.2,446.16 2 0
github.com/yaso/yet-another-secrets-operator/pkg/controllers/asecret_controller.go:446.16,448.3 1 0
github.com/yaso/yet-another-secrets-operator/pkg/controllers/asecret_controller.go:450.2,450.19 1 0
github.com/yaso/yet-another-secrets-operator/pkg/controllers/asecret_controller.go:454.70,459.16 4 0
github.com/yaso/yet-another-secrets-operator/pkg/controllers/asecret_controller.go:459.16,461.3 1 0
github.com/yaso/yet-another-secrets-operator/pkg/controllers/asecret_controller.go:463.2,466.14 1 0
